[2022-06-22 18:00:36,400] DESKTOP-LC5JLQA/INFO/locust.main: Run time limit set to 10 seconds
[2022-06-22 18:00:36,401] DESKTOP-LC5JLQA/INFO/locust.main: Starting Locust 2.9.0
[2022-06-22 18:00:36,405] DESKTOP-LC5JLQA/INFO/locust.runners: Ramping to 1 users at a rate of 1.00 per second
[2022-06-22 18:00:36,405] DESKTOP-LC5JLQA/DEBUG/locust.runners: Ramping to {"MyLoadTest": 1} (1 total users)
[2022-06-22 18:00:36,406] DESKTOP-LC5JLQA/DEBUG/locust.runners: Spawning additional {"MyLoadTest": 1} ({"MyLoadTest": 0} already running)...
[2022-06-22 18:00:36,406] DESKTOP-LC5JLQA/DEBUG/locust.runners: 1 users spawned
[2022-06-22 18:00:36,407] DESKTOP-LC5JLQA/DEBUG/locust.runners: All users of class MyLoadTest spawned
[2022-06-22 18:00:36,407] DESKTOP-LC5JLQA/DEBUG/locust.runners: 0 users have been stopped, 1 still running
[2022-06-22 18:00:36,407] DESKTOP-LC5JLQA/INFO/locust.runners: All users spawned: {"MyLoadTest": 1} (1 total users)
[2022-06-22 18:00:36,410] DESKTOP-LC5JLQA/DEBUG/urllib3.connectionpool: Starting new HTTPS connection (1): connectstudio-portal-dev.world-television.com:443
[2022-06-22 18:00:37,279] DESKTOP-LC5JLQA/DEBUG/urllib3.connectionpool: https://connectstudio-portal-dev.world-television.com:443 "GET /628e34e4de8d102b44443709/ HTTP/1.1" 308 None
[2022-06-22 18:00:37,565] DESKTOP-LC5JLQA/DEBUG/urllib3.connectionpool: https://connectstudio-portal-dev.world-television.com:443 "GET /628e34e4de8d102b44443709 HTTP/1.1" 307 None
[2022-06-22 18:00:37,855] DESKTOP-LC5JLQA/DEBUG/urllib3.connectionpool: https://connectstudio-portal-dev.world-television.com:443 "GET /628e34e4de8d102b44443709/registration HTTP/1.1" 200 None
[2022-06-22 18:00:39,070] DESKTOP-LC5JLQA/DEBUG/urllib3.connectionpool: https://connectstudio-portal-dev.world-television.com:443 "GET /628e34e4de8d102b44443709/ HTTP/1.1" 308 None
[2022-06-22 18:00:39,356] DESKTOP-LC5JLQA/DEBUG/urllib3.connectionpool: https://connectstudio-portal-dev.world-television.com:443 "GET /628e34e4de8d102b44443709 HTTP/1.1" 307 None
[2022-06-22 18:00:39,636] DESKTOP-LC5JLQA/DEBUG/urllib3.connectionpool: https://connectstudio-portal-dev.world-television.com:443 "GET /628e34e4de8d102b44443709/registration HTTP/1.1" 200 None
[2022-06-22 18:00:40,857] DESKTOP-LC5JLQA/DEBUG/urllib3.connectionpool: https://connectstudio-portal-dev.world-television.com:443 "GET /628e34e4de8d102b44443709/ HTTP/1.1" 308 None
[2022-06-22 18:00:41,125] DESKTOP-LC5JLQA/DEBUG/urllib3.connectionpool: https://connectstudio-portal-dev.world-television.com:443 "GET /628e34e4de8d102b44443709 HTTP/1.1" 307 None
[2022-06-22 18:00:41,404] DESKTOP-LC5JLQA/DEBUG/urllib3.connectionpool: https://connectstudio-portal-dev.world-television.com:443 "GET /628e34e4de8d102b44443709/registration HTTP/1.1" 200 None
[2022-06-22 18:00:42,620] DESKTOP-LC5JLQA/DEBUG/urllib3.connectionpool: https://connectstudio-portal-dev.world-television.com:443 "GET /628e34e4de8d102b44443709/ HTTP/1.1" 308 None
[2022-06-22 18:00:42,884] DESKTOP-LC5JLQA/DEBUG/urllib3.connectionpool: https://connectstudio-portal-dev.world-television.com:443 "GET /628e34e4de8d102b44443709 HTTP/1.1" 307 None
[2022-06-22 18:00:43,189] DESKTOP-LC5JLQA/DEBUG/urllib3.connectionpool: https://connectstudio-portal-dev.world-television.com:443 "GET /628e34e4de8d102b44443709/registration HTTP/1.1" 200 None
[2022-06-22 18:00:44,405] DESKTOP-LC5JLQA/DEBUG/urllib3.connectionpool: https://connectstudio-portal-dev.world-television.com:443 "GET /628e34e4de8d102b44443709/ HTTP/1.1" 308 None
[2022-06-22 18:00:44,677] DESKTOP-LC5JLQA/DEBUG/urllib3.connectionpool: https://connectstudio-portal-dev.world-television.com:443 "GET /628e34e4de8d102b44443709 HTTP/1.1" 307 None
[2022-06-22 18:00:44,977] DESKTOP-LC5JLQA/DEBUG/urllib3.connectionpool: https://connectstudio-portal-dev.world-television.com:443 "GET /628e34e4de8d102b44443709/registration HTTP/1.1" 200 None
[2022-06-22 18:00:45,841] DESKTOP-LC5JLQA/INFO/locust.main: --run-time limit reached. Stopping Locust
[2022-06-22 18:00:45,842] DESKTOP-LC5JLQA/DEBUG/locust.runners: Stopping all users
[2022-06-22 18:00:45,842] DESKTOP-LC5JLQA/DEBUG/locust.runners: Stopping Greenlet-0
[2022-06-22 18:00:45,843] DESKTOP-LC5JLQA/DEBUG/locust.runners: 1 users have been stopped, 0 still running
[2022-06-22 18:00:45,916] DESKTOP-LC5JLQA/INFO/locust.main: writing html report to file: Run1
[2022-06-22 18:00:45,922] DESKTOP-LC5JLQA/DEBUG/locust.main: Running teardowns...
[2022-06-22 18:00:45,922] DESKTOP-LC5JLQA/INFO/locust.main: Shutting down (exit code 0)
[2022-06-22 18:00:45,922] DESKTOP-LC5JLQA/DEBUG/locust.main: Cleaning up runner...
